▲ Next.js 16.2.1 (Turbopack)
- Environments: .env.local, .env

  Creating an optimized production build ...
✓ Compiled successfully in 1180ms
  Running TypeScript ...
  Finished TypeScript in 1507ms ...
  Collecting page data using 12 workers ...
  Generating static pages using 12 workers (0/11) ...
  Generating static pages using 12 workers (2/11) 
  Generating static pages using 12 workers (5/11) 
  Generating static pages using 12 workers (8/11) 
✓ Generating static pages using 12 workers (11/11) in 358ms
  Finalizing page optimization ...

Route (app)
┌ ○ /
├ ○ /_not-found
├ ƒ /api/diagnose
├ ƒ /api/pdf/parse
├ ○ /diagnose
├ ○ /diagnose/loading
├ ○ /diagnose/result
├ ○ /interview
└ ○ /recommendations


○  (Static)   prerendered as static content
ƒ  (Dynamic)  server-rendered on demand

